<?xml version="1.0" encoding="UTF-8"?>
<testng-results skipped="0" failed="0" total="1" passed="1">
  <reporter-output>
  </reporter-output>
  <suite name="Default suite" duration-ms="25074" started-at="2018-07-04T07:26:31Z" finished-at="2018-07-04T07:26:56Z">
    <groups>
    </groups>
    <test name="Default test" duration-ms="25074" started-at="2018-07-04T07:26:31Z" finished-at="2018-07-04T07:26:56Z">
      <class name="dataCollection.ShellFuelData">
        <test-method status="PASS" signature="launch()[pri:0, instance:dataCollection.ShellFuelData@5d5eef3d]" name="launch" is-config="true" duration-ms="6488" started-at="2018-07-04T12:56:31Z" finished-at="2018-07-04T12:56:38Z">
          <reporter-output>
          </reporter-output>
        </test-method> <!-- launch -->
        <test-method status="PASS" signature="getData()[pri:0, instance:dataCollection.ShellFuelData@5d5eef3d]" name="getData" duration-ms="18548" started-at="2018-07-04T12:56:38Z" finished-at="2018-07-04T12:56:56Z">
          <reporter-output>
          </reporter-output>
        </test-method> <!-- getData -->
      </class> <!-- dataCollection.ShellFuelData -->
    </test> <!-- Default test -->
  </suite> <!-- Default suite -->
</testng-results>
